<?xml version="1.0" encoding="UTF-8"?>
<!-- Generated by org.testng.reporters.JUnitReportReporter -->
<testsuite hostname="NZ5CG95013MY" failures="0" tests="1" name="getRequest.TC02a_ValidateQueryBookPass" time="5.277" errors="0" timestamp="2021-10-31T19:49:28 NZDT" skipped="0">
  <testcase classname="getRequest.TC02a_ValidateQueryBookPass" name="testGetBookValidate1" time="5.277"/>
  <system-out/>
</testsuite> <!-- getRequest.TC02a_ValidateQueryBookPass -->
