<?xml version="1.0" encoding="UTF-8"?>
<!-- Generated by org.testng.reporters.JUnitReportReporter -->
<testsuite hostname="NZ5CG95013MY" failures="0" tests="1" name="getRequest.TC03_searchValidateCharity" time="4.355" errors="0" timestamp="2021-10-31T21:25:51 NZDT" skipped="0">
  <testcase classname="getRequest.TC03_searchValidateCharity" name="testGetCharity1" time="4.355"/>
  <system-out/>
</testsuite> <!-- getRequest.TC03_searchValidateCharity -->
