<?xml version="1.0" encoding="UTF-8"?>
<!-- Generated by org.testng.reporters.JUnitReportReporter -->
<testsuite hostname="NZ5CG95013MY" failures="0" tests="1" name="getRequest.TC03a_ValidateQueryBookPass" time="0.595" errors="0" timestamp="2021-10-31T22:35:45 NZDT" skipped="0">
  <testcase classname="getRequest.TC03a_ValidateQueryBookPass" name="testGetBookValidate1" time="0.595"/>
  <system-out/>
</testsuite> <!-- getRequest.TC03a_ValidateQueryBookPass -->
