<?xml version="1.0" encoding="UTF-8"?>
<!-- Generated by org.testng.reporters.JUnitReportReporter -->
<testsuite hostname="NZ5CG95013MY" failures="0" tests="2" name="getRequest.GetData" time="6.155" errors="0" timestamp="2021-10-30T18:42:40 NZDT" skipped="0">
  <testcase classname="getRequest.GetData" name="testbody" time="2.090"/>
  <system-out/>
  <testcase classname="getRequest.GetData" name="testResponseCode" time="4.065"/>
  <system-out/>
</testsuite> <!-- getRequest.GetData -->
