<?xml version="1.0" encoding="UTF-8"?>
<!-- Generated by org.testng.reporters.JUnitReportReporter -->
<testsuite hostname="NZ5CG95013MY" failures="0" tests="1" name="getRequest.TC03_searchValidateCharityPass" time="4.458" errors="0" timestamp="2021-10-31T21:31:20 NZDT" skipped="0">
  <testcase classname="getRequest.TC03_searchValidateCharityPass" name="testGetCharity1" time="4.458"/>
  <system-out/>
</testsuite> <!-- getRequest.TC03_searchValidateCharityPass -->
