<?xml version="1.0" encoding="UTF-8"?>
<!-- Generated by org.testng.reporters.JUnitReportReporter -->
<testsuite hostname="NZ5CG95013MY" failures="0" tests="1" name="getRequest.TC02a_searchValidateCharityPosTest" time="4.138" errors="0" timestamp="2021-10-31T22:35:45 NZDT" skipped="0">
  <testcase classname="getRequest.TC02a_searchValidateCharityPosTest" name="testGetCharity1" time="4.138"/>
  <system-out/>
</testsuite> <!-- getRequest.TC02a_searchValidateCharityPosTest -->
