<?xml version="1.0" encoding="UTF-8"?>
<!-- Generated by org.testng.reporters.JUnitReportReporter -->
<testsuite hostname="NZ5CG95013MY" failures="0" tests="1" name="getRequest.TC02b_searchValidateCharityFail" time="0.269" errors="0" timestamp="2021-10-31T22:29:32 NZDT" skipped="0">
  <testcase classname="getRequest.TC02b_searchValidateCharityFail" name="testGetCharity2" time="0.269"/>
  <system-out/>
</testsuite> <!-- getRequest.TC02b_searchValidateCharityFail -->
