<?xml version="1.0" encoding="UTF-8"?>
<!-- Generated by org.testng.reporters.JUnitReportReporter -->
<testsuite hostname="NZ5CG95013MY" failures="0" tests="1" name="getRequest.TC03b_searchValidateCharityFail" time="4.584" errors="0" timestamp="2021-10-31T21:35:04 NZDT" skipped="0">
  <testcase classname="getRequest.TC03b_searchValidateCharityFail" name="testGetCharity2" time="4.584"/>
  <system-out/>
</testsuite> <!-- getRequest.TC03b_searchValidateCharityFail -->
