<?xml version="1.0" encoding="UTF-8"?>
<!-- Generated by org.testng.reporters.JUnitReportReporter -->
<testsuite hostname="NZ5CG95013MY" failures="0" tests="1" name="getRequest.searchValidateCharity" time="3.573" errors="0" timestamp="2021-10-31T13:40:08 NZDT" skipped="0">
  <testcase classname="getRequest.searchValidateCharity" name="testGet" time="3.573"/>
  <system-out/>
</testsuite> <!-- getRequest.searchValidateCharity -->
