<?xml version="1.0" encoding="UTF-8"?>
<!-- Generated by org.testng.reporters.JUnitReportReporter -->
<testsuite hostname="NZ5CG95013MY" failures="0" tests="1" name="getRequest.TC03a_searchValidateCharityPass" time="4.487" errors="0" timestamp="2021-10-31T21:20:30 NZDT" skipped="0">
  <testcase classname="getRequest.TC03a_searchValidateCharityPass" name="testGetCharity1" time="4.487"/>
  <system-out/>
</testsuite> <!-- getRequest.TC03a_searchValidateCharityPass -->
