<?xml version="1.0" encoding="UTF-8"?>
<!-- Generated by org.testng.reporters.JUnitReportReporter -->
<testsuite hostname="NZ5CG95013MY" failures="0" tests="1" name="getRequest.TC02b_searchValidateCharityNegTest" time="0.238" errors="0" timestamp="2021-10-31T22:35:45 NZDT" skipped="0">
  <testcase classname="getRequest.TC02b_searchValidateCharityNegTest" name="testGetCharity2" time="0.238"/>
  <system-out/>
</testsuite> <!-- getRequest.TC02b_searchValidateCharityNegTest -->
