<?xml version="1.0" encoding="UTF-8"?>
<!-- Generated by org.testng.reporters.JUnitReportReporter -->
<testsuite hostname="NZ5CG95013MY" failures="0" tests="1" name="getRequest.ValidateQueryBookPass" time="4.704" errors="0" timestamp="2021-10-31T15:28:07 NZDT" skipped="0">
  <testcase classname="getRequest.ValidateQueryBookPass" name="testGetBookValidate" time="4.704"/>
  <system-out/>
</testsuite> <!-- getRequest.ValidateQueryBookPass -->
